# JRE version: Java(TM) SE Runtime Environment (8.0_92-b14) (build 1.8.0_92-b14)
# Java VM: Java HotSpot(TM) Client VM (25.92-b14 mixed mode windows-x86 )
Heap:
 def new generation   total 39424K, used 22186K [0x05000000, 0x07ac0000, 0x0faa0000)
  eden space 35072K,  59% used [0x05000000, 0x06435500, 0x07240000)
  from space 4352K,  34% used [0x07680000, 0x077f5608, 0x07ac0000)
  to   space 4352K,   0% used [0x07240000, 0x07240000, 0x07680000)
 tenured generation   total 87424K, used 53906K [0x0faa0000, 0x15000000, 0x25000000)
   the space 87424K,  61% used [0x0faa0000, 0x12f44a48, 0x12f44c00, 0x15000000)
 Metaspace       used 18286K, capacity 18719K, committed 18816K, reserved 18816K
GC Heap History (10 events):
Event: 2.960 GC heap before
{Heap before GC invocations=3 (full 1):
 def new generation   total 39424K, used 35072K [0x05000000, 0x07ac0000, 0x0faa0000)
  eden space 35072K, 100% used [0x05000000, 0x07240000, 0x07240000)
  from space 4352K,   0% used [0x07240000, 0x07240000, 0x07680000)
  to   space 4352K,   0% used [0x07680000, 0x07680000, 0x07ac0000)
 tenured generation   total 87424K, used 15414K [0x0faa0000, 0x15000000, 0x25000000)
   the space 87424K,  17% used [0x0faa0000, 0x109ada70, 0x109adc00, 0x15000000)
 Metaspace       used 16658K, capacity 17039K, committed 17152K, reserved 17792K
Event: 2.970 GC heap after
Heap after GC invocations=4 (full 1):
 def new generation   total 39424K, used 4352K [0x05000000, 0x07ac0000, 0x0faa0000)
  eden space 35072K,   0% used [0x05000000, 0x05000000, 0x07240000)
  from space 4352K, 100% used [0x07680000, 0x07ac0000, 0x07ac0000)
  to   space 4352K,   0% used [0x07240000, 0x07240000, 0x07680000)
 tenured generation   total 87424K, used 16919K [0x0faa0000, 0x15000000, 0x25000000)
   the space 87424K,  19% used [0x0faa0000, 0x10b25da8, 0x10b25e00, 0x15000000)
 Metaspace       used 16658K, capacity 17039K, committed 17152K, reserved 17792K
}
Event: 29.124 GC heap before
{Heap before GC invocations=4 (full 1):
 def new generation   total 39424K, used 39424K [0x05000000, 0x07ac0000, 0x0faa0000)
  eden space 35072K, 100% used [0x05000000, 0x07240000, 0x07240000)
  from space 4352K, 100% used [0x07680000, 0x07ac0000, 0x07ac0000)
  to   space 4352K,   0% used [0x07240000, 0x07240000, 0x07680000)
 tenured generation   total 87424K, used 16919K [0x0faa0000, 0x15000000, 0x25000000)
   the space 87424K,  19% used [0x0faa0000, 0x10b25da8, 0x10b25e00, 0x15000000)
 Metaspace       used 17705K, capacity 18150K, committed 18304K, reserved 18816K
Event: 29.139 GC heap after
Heap after GC invocations=5 (full 1):
 def new generation   total 39424K, used 2785K [0x05000000, 0x07ac0000, 0x0faa0000)
  eden space 35072K,   0% used [0x05000000, 0x05000000, 0x07240000)
  from space 4352K,  64% used [0x07240000, 0x074f8578, 0x07680000)
  to   space 4352K,   0% used [0x07680000, 0x07680000, 0x07ac0000)
 tenured generation   total 87424K, used 27066K [0x0faa0000, 0x15000000, 0x25000000)
   the space 87424K,  30% used [0x0faa0000, 0x1150eb48, 0x1150ec00, 0x15000000)
 Metaspace       used 17705K, capacity 18150K, committed 18304K, reserved 18816K
}
Event: 232.880 GC heap before
{Heap before GC invocations=5 (full 1):
 def new generation   total 39424K, used 37177K [0x05000000, 0x07ac0000, 0x0faa0000)
  eden space 35072K,  98% used [0x05000000, 0x07195fa0, 0x07240000)
  from space 4352K,  64% used [0x07240000, 0x074f8578, 0x07680000)
  to   space 4352K,   0% used [0x07680000, 0x07680000, 0x07ac0000)
 tenured generation   total 87424K, used 27066K [0x0faa0000, 0x15000000, 0x25000000)
   the space 87424K,  30% used [0x0faa0000, 0x1150eb48, 0x1150ec00, 0x15000000)
 Metaspace       used 18277K, capacity 18717K, committed 18816K, reserved 18816K
Event: 232.892 GC heap after
Heap after GC invocations=6 (full 1):
 def new generation   total 39424K, used 2314K [0x05000000, 0x07ac0000, 0x0faa0000)
  eden space 35072K,   0% used [0x05000000, 0x05000000, 0x07240000)
  from space 4352K,  53% used [0x07680000, 0x078c2a90, 0x07ac0000)
  to   space 4352K,   0% used [0x07240000, 0x07240000, 0x07680000)
 tenured generation   total 87424K, used 28688K [0x0faa0000, 0x15000000, 0x25000000)
   the space 87424K,  32% used [0x0faa0000, 0x116a42e0, 0x116a4400, 0x15000000)
 Metaspace       used 18277K, capacity 18717K, committed 18816K, reserved 18816K
}
Event: 517.300 GC heap before
{Heap before GC invocations=6 (full 1):
 def new generation   total 39424K, used 37386K [0x05000000, 0x07ac0000, 0x0faa0000)
  eden space 35072K, 100% used [0x05000000, 0x07240000, 0x07240000)
  from space 4352K,  53% used [0x07680000, 0x078c2a90, 0x07ac0000)
  to   space 4352K,   0% used [0x07240000, 0x07240000, 0x07680000)
 tenured generation   total 87424K, used 28688K [0x0faa0000, 0x15000000, 0x25000000)
   the space 87424K,  32% used [0x0faa0000, 0x116a42e0, 0x116a4400, 0x15000000)
 Metaspace       used 18284K, capacity 18719K, committed 18816K, reserved 18816K
Event: 517.320 GC heap after
Heap after GC invocations=7 (full 1):
 def new generation   total 39424K, used 1287K [0x05000000, 0x07ac0000, 0x0faa0000)
  eden space 35072K,   0% used [0x05000000, 0x05000000, 0x07240000)
  from space 4352K,  29% used [0x07240000, 0x07381f90, 0x07680000)
  to   space 4352K,   0% used [0x07680000, 0x07680000, 0x07ac0000)
 tenured generation   total 87424K, used 45979K [0x0faa0000, 0x15000000, 0x25000000)
   the space 87424K,  52% used [0x0faa0000, 0x12786c38, 0x12786e00, 0x15000000)
 Metaspace       used 18284K, capacity 18719K, committed 18816K, reserved 18816K
}
Event: 781.309 GC heap before
{Heap before GC invocations=7 (full 1):
 def new generation   total 39424K, used 36359K [0x05000000, 0x07ac0000, 0x0faa0000)
  eden space 35072K, 100% used [0x05000000, 0x07240000, 0x07240000)
  from space 4352K,  29% used [0x07240000, 0x07381f90, 0x07680000)
  to   space 4352K,   0% used [0x07680000, 0x07680000, 0x07ac0000)
 tenured generation   total 87424K, used 45979K [0x0faa0000, 0x15000000, 0x25000000)
   the space 87424K,  52% used [0x0faa0000, 0x12786c38, 0x12786e00, 0x15000000)
 Metaspace       used 18284K, capacity 18719K, committed 18816K, reserved 18816K
Event: 781.320 GC heap after
Heap after GC invocations=8 (full 1):
 def new generation   total 39424K, used 1493K [0x05000000, 0x07ac0000, 0x0faa0000)
  eden space 35072K,   0% used [0x05000000, 0x05000000, 0x07240000)
  from space 4352K,  34% used [0x07680000, 0x077f5608, 0x07ac0000)
  to   space 4352K,   0% used [0x07240000, 0x07240000, 0x07680000)
 tenured generation   total 87424K, used 53906K [0x0faa0000, 0x15000000, 0x25000000)
   the space 87424K,  61% used [0x0faa0000, 0x12f44a48, 0x12f44c00, 0x15000000)
 Metaspace       used 18284K, capacity 18719K, committed 18816K, reserved 18816K
}

