# JRE version: Java(TM) SE Runtime Environment (8.0_92-b14) (build 1.8.0_92-b14)
# Java VM: Java HotSpot(TM) Client VM (25.92-b14 mixed mode windows-x86 )
Heap:
 def new generation   total 39424K, used 1768K [0x04e00000, 0x078c0000, 0x0f8a0000)
  eden space 35072K,   3% used [0x04e00000, 0x04f298f8, 0x07040000)
  from space 4352K,  13% used [0x07480000, 0x07510aa0, 0x078c0000)
  to   space 4352K,   0% used [0x07040000, 0x07040000, 0x07480000)
 tenured generation   total 87424K, used 52884K [0x0f8a0000, 0x14e00000, 0x24e00000)
   the space 87424K,  60% used [0x0f8a0000, 0x12c45198, 0x12c45200, 0x14e00000)
 Metaspace       used 19068K, capacity 19519K, committed 19584K, reserved 19840K
GC Heap History (10 events):
Event: 5473.542 GC heap before
{Heap before GC invocations=295 (full 1):
 def new generation   total 39424K, used 35072K [0x04e00000, 0x078c0000, 0x0f8a0000)
  eden space 35072K, 100% used [0x04e00000, 0x07040000, 0x07040000)
  from space 4352K,   0% used [0x07040000, 0x07040348, 0x07480000)
  to   space 4352K,   0% used [0x07480000, 0x07480000, 0x078c0000)
 tenured generation   total 87424K, used 44956K [0x0f8a0000, 0x14e00000, 0x24e00000)
   the space 87424K,  51% used [0x0f8a0000, 0x12487388, 0x12487400, 0x14e00000)
 Metaspace       used 19068K, capacity 19519K, committed 19584K, reserved 19840K
Event: 5473.543 GC heap after
Heap after GC invocations=296 (full 1):
 def new generation   total 39424K, used 0K [0x04e00000, 0x078c0000, 0x0f8a0000)
  eden space 35072K,   0% used [0x04e00000, 0x04e00000, 0x07040000)
  from space 4352K,   0% used [0x07480000, 0x07480348, 0x078c0000)
  to   space 4352K,   0% used [0x07040000, 0x07040000, 0x07480000)
 tenured generation   total 87424K, used 44956K [0x0f8a0000, 0x14e00000, 0x24e00000)
   the space 87424K,  51% used [0x0f8a0000, 0x12487388, 0x12487400, 0x14e00000)
 Metaspace       used 19068K, capacity 19519K, committed 19584K, reserved 19840K
}
Event: 5476.972 GC heap before
{Heap before GC invocations=296 (full 1):
 def new generation   total 39424K, used 35072K [0x04e00000, 0x078c0000, 0x0f8a0000)
  eden space 35072K, 100% used [0x04e00000, 0x07040000, 0x07040000)
  from space 4352K,   0% used [0x07480000, 0x07480348, 0x078c0000)
  to   space 4352K,   0% used [0x07040000, 0x07040000, 0x07480000)
 tenured generation   total 87424K, used 44956K [0x0f8a0000, 0x14e00000, 0x24e00000)
   the space 87424K,  51% used [0x0f8a0000, 0x12487388, 0x12487400, 0x14e00000)
 Metaspace       used 19068K, capacity 19519K, committed 19584K, reserved 19840K
Event: 5476.973 GC heap after
Heap after GC invocations=297 (full 1):
 def new generation   total 39424K, used 0K [0x04e00000, 0x078c0000, 0x0f8a0000)
  eden space 35072K,   0% used [0x04e00000, 0x04e00000, 0x07040000)
  from space 4352K,   0% used [0x07040000, 0x07040358, 0x07480000)
  to   space 4352K,   0% used [0x07480000, 0x07480000, 0x078c0000)
 tenured generation   total 87424K, used 44956K [0x0f8a0000, 0x14e00000, 0x24e00000)
   the space 87424K,  51% used [0x0f8a0000, 0x12487388, 0x12487400, 0x14e00000)
 Metaspace       used 19068K, capacity 19519K, committed 19584K, reserved 19840K
}
Event: 5480.015 GC heap before
{Heap before GC invocations=297 (full 1):
 def new generation   total 39424K, used 35072K [0x04e00000, 0x078c0000, 0x0f8a0000)
  eden space 35072K, 100% used [0x04e00000, 0x07040000, 0x07040000)
  from space 4352K,   0% used [0x07040000, 0x07040358, 0x07480000)
  to   space 4352K,   0% used [0x07480000, 0x07480000, 0x078c0000)
 tenured generation   total 87424K, used 44956K [0x0f8a0000, 0x14e00000, 0x24e00000)
   the space 87424K,  51% used [0x0f8a0000, 0x12487388, 0x12487400, 0x14e00000)
 Metaspace       used 19068K, capacity 19519K, committed 19584K, reserved 19840K
Event: 5480.016 GC heap after
Heap after GC invocations=298 (full 1):
 def new generation   total 39424K, used 0K [0x04e00000, 0x078c0000, 0x0f8a0000)
  eden space 35072K,   0% used [0x04e00000, 0x04e00000, 0x07040000)
  from space 4352K,   0% used [0x07480000, 0x07480358, 0x078c0000)
  to   space 4352K,   0% used [0x07040000, 0x07040000, 0x07480000)
 tenured generation   total 87424K, used 44956K [0x0f8a0000, 0x14e00000, 0x24e00000)
   the space 87424K,  51% used [0x0f8a0000, 0x12487388, 0x12487400, 0x14e00000)
 Metaspace       used 19068K, capacity 19519K, committed 19584K, reserved 19840K
}
Event: 5483.156 GC heap before
{Heap before GC invocations=298 (full 1):
 def new generation   total 39424K, used 35072K [0x04e00000, 0x078c0000, 0x0f8a0000)
  eden space 35072K, 100% used [0x04e00000, 0x07040000, 0x07040000)
  from space 4352K,   0% used [0x07480000, 0x07480358, 0x078c0000)
  to   space 4352K,   0% used [0x07040000, 0x07040000, 0x07480000)
 tenured generation   total 87424K, used 44956K [0x0f8a0000, 0x14e00000, 0x24e00000)
   the space 87424K,  51% used [0x0f8a0000, 0x12487388, 0x12487400, 0x14e00000)
 Metaspace       used 19068K, capacity 19519K, committed 19584K, reserved 19840K
Event: 5483.157 GC heap after
Heap after GC invocations=299 (full 1):
 def new generation   total 39424K, used 0K [0x04e00000, 0x078c0000, 0x0f8a0000)
  eden space 35072K,   0% used [0x04e00000, 0x04e00000, 0x07040000)
  from space 4352K,   0% used [0x07040000, 0x07040358, 0x07480000)
  to   space 4352K,   0% used [0x07480000, 0x07480000, 0x078c0000)
 tenured generation   total 87424K, used 44956K [0x0f8a0000, 0x14e00000, 0x24e00000)
   the space 87424K,  51% used [0x0f8a0000, 0x12487388, 0x12487400, 0x14e00000)
 Metaspace       used 19068K, capacity 19519K, committed 19584K, reserved 19840K
}
Event: 5486.540 GC heap before
{Heap before GC invocations=299 (full 1):
 def new generation   total 39424K, used 35072K [0x04e00000, 0x078c0000, 0x0f8a0000)
  eden space 35072K, 100% used [0x04e00000, 0x07040000, 0x07040000)
  from space 4352K,   0% used [0x07040000, 0x07040358, 0x07480000)
  to   space 4352K,   0% used [0x07480000, 0x07480000, 0x078c0000)
 tenured generation   total 87424K, used 44956K [0x0f8a0000, 0x14e00000, 0x24e00000)
   the space 87424K,  51% used [0x0f8a0000, 0x12487388, 0x12487400, 0x14e00000)
 Metaspace       used 19068K, capacity 19519K, committed 19584K, reserved 19840K
Event: 5486.545 GC heap after
Heap after GC invocations=300 (full 1):
 def new generation   total 39424K, used 578K [0x04e00000, 0x078c0000, 0x0f8a0000)
  eden space 35072K,   0% used [0x04e00000, 0x04e00000, 0x07040000)
  from space 4352K,  13% used [0x07480000, 0x07510aa0, 0x078c0000)
  to   space 4352K,   0% used [0x07040000, 0x07040000, 0x07480000)
 tenured generation   total 87424K, used 52884K [0x0f8a0000, 0x14e00000, 0x24e00000)
   the space 87424K,  60% used [0x0f8a0000, 0x12c45198, 0x12c45200, 0x14e00000)
 Metaspace       used 19068K, capacity 19519K, committed 19584K, reserved 19840K
}

